{"level":"info","message":"Starting a mysql pool with 5 connections.","target":"quaint::pooled","timestamp":"2024-09-16T10:34:58.516Z"}
{"level":"info","message":{"duration":0,"params":"[\"mahadi\"]","query":"SELECT COUNT(*) FROM (SELECT `nodejs_restful_api`.`users`.`username` FROM `nodejs_restful_api`.`users` WHERE `nodejs_restful_api`.`users`.`username` = ?) AS `sub`","target":"quaint::connector::metrics","timestamp":"2024-09-16T10:34:58.521Z"}}
{"level":"info","message":{"duration":0,"params":"[]","query":"BEGIN","target":"quaint::connector::metrics","timestamp":"2024-09-16T10:34:58.588Z"}}
{"level":"info","message":{"duration":7,"params":"[\"mahadi\",\"$2b$10$pC8wSApkUGrZQuphIzfNTOX0dW7jqb5lxpJnZGTUX7GjIqDG3UawO\",\"Mahadi Dwi Nugraha\"]","query":"INSERT INTO `nodejs_restful_api`.`users` (`username`,`password`,`name`) VALUES (?,?,?)","target":"quaint::connector::metrics","timestamp":"2024-09-16T10:34:58.596Z"}}
{"level":"info","message":{"duration":0,"params":"[\"mahadi\",1,0]","query":"SELECT `nodejs_restful_api`.`users`.`username`, `nodejs_restful_api`.`users`.`name` FROM `nodejs_restful_api`.`users` WHERE `nodejs_restful_api`.`users`.`username` = ? LIMIT ? OFFSET ?","target":"quaint::connector::metrics","timestamp":"2024-09-16T10:34:58.598Z"}}
{"level":"info","message":{"duration":1,"params":"[]","query":"COMMIT","target":"quaint::connector::metrics","timestamp":"2024-09-16T10:34:58.602Z"}}
{"level":"info","message":{"duration":1,"params":"[\"mahadi\"]","query":"DELETE FROM `nodejs_restful_api`.`users` WHERE `nodejs_restful_api`.`users`.`username` = ?","target":"quaint::connector::metrics","timestamp":"2024-09-16T10:34:58.616Z"}}
{"level":"info","message":{"errors":"\"username\" is not allowed to be empty. \"password\" is not allowed to be empty. \"name\" is not allowed to be empty"}}
{"level":"info","message":{"duration":0,"params":"[\"mahadi\"]","query":"DELETE FROM `nodejs_restful_api`.`users` WHERE `nodejs_restful_api`.`users`.`username` = ?","target":"quaint::connector::metrics","timestamp":"2024-09-16T10:34:58.630Z"}}
{"level":"info","message":"Starting a mysql pool with 5 connections.","target":"quaint::pooled","timestamp":"2024-09-16T10:36:57.958Z"}
{"level":"info","message":{"duration":0,"params":"[\"mahadi\"]","query":"SELECT COUNT(*) FROM (SELECT `nodejs_restful_api`.`users`.`username` FROM `nodejs_restful_api`.`users` WHERE `nodejs_restful_api`.`users`.`username` = ?) AS `sub`","target":"quaint::connector::metrics","timestamp":"2024-09-16T10:36:57.965Z"}}
{"level":"info","message":{"duration":0,"params":"[]","query":"BEGIN","target":"quaint::connector::metrics","timestamp":"2024-09-16T10:36:58.039Z"}}
{"level":"info","message":{"duration":6,"params":"[\"mahadi\",\"$2b$10$SA.ykVkkYnrOs106y0K9k.tpVUrwTFFDklmDO.4Od9ZJJWVOUmGWq\",\"Mahadi Dwi Nugraha\"]","query":"INSERT INTO `nodejs_restful_api`.`users` (`username`,`password`,`name`) VALUES (?,?,?)","target":"quaint::connector::metrics","timestamp":"2024-09-16T10:36:58.046Z"}}
{"level":"info","message":{"duration":0,"params":"[\"mahadi\",1,0]","query":"SELECT `nodejs_restful_api`.`users`.`username`, `nodejs_restful_api`.`users`.`name` FROM `nodejs_restful_api`.`users` WHERE `nodejs_restful_api`.`users`.`username` = ? LIMIT ? OFFSET ?","target":"quaint::connector::metrics","timestamp":"2024-09-16T10:36:58.048Z"}}
{"level":"info","message":{"duration":1,"params":"[]","query":"COMMIT","target":"quaint::connector::metrics","timestamp":"2024-09-16T10:36:58.048Z"}}
{"level":"info","message":{"duration":3,"params":"[\"mahadi\"]","query":"DELETE FROM `nodejs_restful_api`.`users` WHERE `nodejs_restful_api`.`users`.`username` = ?","target":"quaint::connector::metrics","timestamp":"2024-09-16T10:36:58.068Z"}}
{"level":"error","message":{"errors":"\"username\" is not allowed to be empty. \"password\" is not allowed to be empty. \"name\" is not allowed to be empty"}}
{"level":"info","message":{"duration":0,"params":"[\"mahadi\"]","query":"DELETE FROM `nodejs_restful_api`.`users` WHERE `nodejs_restful_api`.`users`.`username` = ?","target":"quaint::connector::metrics","timestamp":"2024-09-16T10:36:58.090Z"}}
{"level":"info","message":{"duration":0,"params":"[\"mahadi\"]","query":"SELECT COUNT(*) FROM (SELECT `nodejs_restful_api`.`users`.`username` FROM `nodejs_restful_api`.`users` WHERE `nodejs_restful_api`.`users`.`username` = ?) AS `sub`","target":"quaint::connector::metrics","timestamp":"2024-09-16T10:36:58.099Z"}}
{"level":"info","message":{"duration":0,"params":"[]","query":"BEGIN","target":"quaint::connector::metrics","timestamp":"2024-09-16T10:36:58.169Z"}}
{"level":"info","message":{"duration":0,"params":"[\"mahadi\",\"$2b$10$Zaslj9IOl9o0AwveqLibZuNk5gCTAOEQ8eM9XtYFfciWQqUOBWV8q\",\"Mahadi Dwi Nugraha\"]","query":"INSERT INTO `nodejs_restful_api`.`users` (`username`,`password`,`name`) VALUES (?,?,?)","target":"quaint::connector::metrics","timestamp":"2024-09-16T10:36:58.170Z"}}
{"level":"info","message":{"duration":0,"params":"[\"mahadi\",1,0]","query":"SELECT `nodejs_restful_api`.`users`.`username`, `nodejs_restful_api`.`users`.`name` FROM `nodejs_restful_api`.`users` WHERE `nodejs_restful_api`.`users`.`username` = ? LIMIT ? OFFSET ?","target":"quaint::connector::metrics","timestamp":"2024-09-16T10:36:58.170Z"}}
{"level":"info","message":{"duration":1,"params":"[]","query":"COMMIT","target":"quaint::connector::metrics","timestamp":"2024-09-16T10:36:58.171Z"}}
{"level":"info","message":{"duration":0,"params":"[\"mahadi\"]","query":"SELECT COUNT(*) FROM (SELECT `nodejs_restful_api`.`users`.`username` FROM `nodejs_restful_api`.`users` WHERE `nodejs_restful_api`.`users`.`username` = ?) AS `sub`","target":"quaint::connector::metrics","timestamp":"2024-09-16T10:36:58.176Z"}}
{"level":"error","message":{"errors":"Username already exists"}}
{"level":"info","message":{"duration":1,"params":"[\"mahadi\"]","query":"DELETE FROM `nodejs_restful_api`.`users` WHERE `nodejs_restful_api`.`users`.`username` = ?","target":"quaint::connector::metrics","timestamp":"2024-09-16T10:36:58.185Z"}}
{"level":"info","message":"Starting a mysql pool with 5 connections.","target":"quaint::pooled","timestamp":"2024-09-16T10:37:32.365Z"}
{"level":"info","message":{"duration":0,"params":"[\"mahadi\"]","query":"SELECT COUNT(*) FROM (SELECT `nodejs_restful_api`.`users`.`username` FROM `nodejs_restful_api`.`users` WHERE `nodejs_restful_api`.`users`.`username` = ?) AS `sub`","target":"quaint::connector::metrics","timestamp":"2024-09-16T10:37:32.369Z"}}
{"level":"info","message":{"duration":0,"params":"[]","query":"BEGIN","target":"quaint::connector::metrics","timestamp":"2024-09-16T10:37:32.434Z"}}
{"level":"info","message":{"duration":6,"params":"[\"mahadi\",\"$2b$10$xsSqHZ5w7TQHXm6dxAyOMeFJzGUmHT4gRm92BKehKiIppaGe8OnLK\",\"Mahadi Dwi Nugraha\"]","query":"INSERT INTO `nodejs_restful_api`.`users` (`username`,`password`,`name`) VALUES (?,?,?)","target":"quaint::connector::metrics","timestamp":"2024-09-16T10:37:32.440Z"}}
{"level":"info","message":{"duration":1,"params":"[\"mahadi\",1,0]","query":"SELECT `nodejs_restful_api`.`users`.`username`, `nodejs_restful_api`.`users`.`name` FROM `nodejs_restful_api`.`users` WHERE `nodejs_restful_api`.`users`.`username` = ? LIMIT ? OFFSET ?","target":"quaint::connector::metrics","timestamp":"2024-09-16T10:37:32.442Z"}}
{"level":"info","message":{"duration":1,"params":"[]","query":"COMMIT","target":"quaint::connector::metrics","timestamp":"2024-09-16T10:37:32.444Z"}}
{"level":"info","message":{"duration":3,"params":"[\"mahadi\"]","query":"DELETE FROM `nodejs_restful_api`.`users` WHERE `nodejs_restful_api`.`users`.`username` = ?","target":"quaint::connector::metrics","timestamp":"2024-09-16T10:37:32.461Z"}}
{"level":"error","message":{"errors":"\"username\" is not allowed to be empty. \"password\" is not allowed to be empty. \"name\" is not allowed to be empty"}}
{"level":"info","message":{"duration":0,"params":"[\"mahadi\"]","query":"DELETE FROM `nodejs_restful_api`.`users` WHERE `nodejs_restful_api`.`users`.`username` = ?","target":"quaint::connector::metrics","timestamp":"2024-09-16T10:37:32.478Z"}}
{"level":"info","message":{"duration":0,"params":"[\"mahadi\"]","query":"SELECT COUNT(*) FROM (SELECT `nodejs_restful_api`.`users`.`username` FROM `nodejs_restful_api`.`users` WHERE `nodejs_restful_api`.`users`.`username` = ?) AS `sub`","target":"quaint::connector::metrics","timestamp":"2024-09-16T10:37:32.485Z"}}
{"level":"info","message":{"duration":0,"params":"[]","query":"BEGIN","target":"quaint::connector::metrics","timestamp":"2024-09-16T10:37:32.551Z"}}
{"level":"info","message":{"duration":0,"params":"[\"mahadi\",\"$2b$10$2YmXi14FMT/apHVhruqw8OoEHzfVATWBqJpeO3su8ZKwLeq.UttvG\",\"Mahadi Dwi Nugraha\"]","query":"INSERT INTO `nodejs_restful_api`.`users` (`username`,`password`,`name`) VALUES (?,?,?)","target":"quaint::connector::metrics","timestamp":"2024-09-16T10:37:32.552Z"}}
{"level":"info","message":{"duration":0,"params":"[\"mahadi\",1,0]","query":"SELECT `nodejs_restful_api`.`users`.`username`, `nodejs_restful_api`.`users`.`name` FROM `nodejs_restful_api`.`users` WHERE `nodejs_restful_api`.`users`.`username` = ? LIMIT ? OFFSET ?","target":"quaint::connector::metrics","timestamp":"2024-09-16T10:37:32.552Z"}}
{"level":"info","message":{"duration":1,"params":"[]","query":"COMMIT","target":"quaint::connector::metrics","timestamp":"2024-09-16T10:37:32.554Z"}}
{"level":"info","message":{"duration":0,"params":"[\"mahadi\"]","query":"SELECT COUNT(*) FROM (SELECT `nodejs_restful_api`.`users`.`username` FROM `nodejs_restful_api`.`users` WHERE `nodejs_restful_api`.`users`.`username` = ?) AS `sub`","target":"quaint::connector::metrics","timestamp":"2024-09-16T10:37:32.559Z"}}
{"level":"error","message":{"errors":"Username already exists"}}
{"level":"info","message":{"duration":1,"params":"[\"mahadi\"]","query":"DELETE FROM `nodejs_restful_api`.`users` WHERE `nodejs_restful_api`.`users`.`username` = ?","target":"quaint::connector::metrics","timestamp":"2024-09-16T10:37:32.565Z"}}
{"level":"info","message":"Starting a mysql pool with 5 connections.","target":"quaint::pooled","timestamp":"2024-09-16T10:38:00.175Z"}
{"level":"info","message":{"duration":0,"params":"[\"mahadi\"]","query":"SELECT COUNT(*) FROM (SELECT `nodejs_restful_api`.`users`.`username` FROM `nodejs_restful_api`.`users` WHERE `nodejs_restful_api`.`users`.`username` = ?) AS `sub`","target":"quaint::connector::metrics","timestamp":"2024-09-16T10:38:00.181Z"}}
{"level":"info","message":{"duration":0,"params":"[]","query":"BEGIN","target":"quaint::connector::metrics","timestamp":"2024-09-16T10:38:00.248Z"}}
{"level":"info","message":{"duration":6,"params":"[\"mahadi\",\"$2b$10$YkQ5Urzm8epvTxXar4Y8OeTW/UYV8wADZ.iupe/k/tny3TzUss9ke\",\"Mahadi Dwi Nugraha\"]","query":"INSERT INTO `nodejs_restful_api`.`users` (`username`,`password`,`name`) VALUES (?,?,?)","target":"quaint::connector::metrics","timestamp":"2024-09-16T10:38:00.255Z"}}
{"level":"info","message":{"duration":0,"params":"[\"mahadi\",1,0]","query":"SELECT `nodejs_restful_api`.`users`.`username`, `nodejs_restful_api`.`users`.`name` FROM `nodejs_restful_api`.`users` WHERE `nodejs_restful_api`.`users`.`username` = ? LIMIT ? OFFSET ?","target":"quaint::connector::metrics","timestamp":"2024-09-16T10:38:00.256Z"}}
{"level":"info","message":{"duration":1,"params":"[]","query":"COMMIT","target":"quaint::connector::metrics","timestamp":"2024-09-16T10:38:00.261Z"}}
{"level":"info","message":{"duration":1,"params":"[\"mahadi\"]","query":"DELETE FROM `nodejs_restful_api`.`users` WHERE `nodejs_restful_api`.`users`.`username` = ?","target":"quaint::connector::metrics","timestamp":"2024-09-16T10:38:00.271Z"}}
{"level":"error","message":{"errors":"\"username\" is not allowed to be empty. \"password\" is not allowed to be empty. \"name\" is not allowed to be empty"}}
{"level":"info","message":{"duration":0,"params":"[\"mahadi\"]","query":"DELETE FROM `nodejs_restful_api`.`users` WHERE `nodejs_restful_api`.`users`.`username` = ?","target":"quaint::connector::metrics","timestamp":"2024-09-16T10:38:00.287Z"}}
{"level":"info","message":{"duration":0,"params":"[\"mahadi\"]","query":"SELECT COUNT(*) FROM (SELECT `nodejs_restful_api`.`users`.`username` FROM `nodejs_restful_api`.`users` WHERE `nodejs_restful_api`.`users`.`username` = ?) AS `sub`","target":"quaint::connector::metrics","timestamp":"2024-09-16T10:38:00.298Z"}}
{"level":"info","message":{"duration":0,"params":"[]","query":"BEGIN","target":"quaint::connector::metrics","timestamp":"2024-09-16T10:38:00.364Z"}}
{"level":"info","message":{"duration":0,"params":"[\"mahadi\",\"$2b$10$KxxKa8oFD/sOOnjmb2D5cuMuc8pggZiNIE2/Za1EwhK0C7M6r3F26\",\"Mahadi Dwi Nugraha\"]","query":"INSERT INTO `nodejs_restful_api`.`users` (`username`,`password`,`name`) VALUES (?,?,?)","target":"quaint::connector::metrics","timestamp":"2024-09-16T10:38:00.365Z"}}
{"level":"info","message":{"duration":0,"params":"[\"mahadi\",1,0]","query":"SELECT `nodejs_restful_api`.`users`.`username`, `nodejs_restful_api`.`users`.`name` FROM `nodejs_restful_api`.`users` WHERE `nodejs_restful_api`.`users`.`username` = ? LIMIT ? OFFSET ?","target":"quaint::connector::metrics","timestamp":"2024-09-16T10:38:00.365Z"}}
{"level":"info","message":{"duration":0,"params":"[]","query":"COMMIT","target":"quaint::connector::metrics","timestamp":"2024-09-16T10:38:00.366Z"}}
{"level":"info","message":{"duration":0,"params":"[\"mahadi\"]","query":"SELECT COUNT(*) FROM (SELECT `nodejs_restful_api`.`users`.`username` FROM `nodejs_restful_api`.`users` WHERE `nodejs_restful_api`.`users`.`username` = ?) AS `sub`","target":"quaint::connector::metrics","timestamp":"2024-09-16T10:38:00.375Z"}}
{"level":"error","message":{"errors":"Username already exists"}}
{"level":"info","message":{"duration":2,"params":"[\"mahadi\"]","query":"DELETE FROM `nodejs_restful_api`.`users` WHERE `nodejs_restful_api`.`users`.`username` = ?","target":"quaint::connector::metrics","timestamp":"2024-09-16T10:38:00.383Z"}}
{"level":"info","message":"Starting a mysql pool with 5 connections.","target":"quaint::pooled","timestamp":"2024-09-16T10:38:22.844Z"}
{"level":"info","message":{"duration":0,"params":"[\"mahadi\"]","query":"SELECT COUNT(*) FROM (SELECT `nodejs_restful_api`.`users`.`username` FROM `nodejs_restful_api`.`users` WHERE `nodejs_restful_api`.`users`.`username` = ?) AS `sub`","target":"quaint::connector::metrics","timestamp":"2024-09-16T10:38:22.848Z"}}
{"level":"info","message":{"duration":0,"params":"[]","query":"BEGIN","target":"quaint::connector::metrics","timestamp":"2024-09-16T10:38:22.911Z"}}
{"level":"info","message":{"duration":6,"params":"[\"mahadi\",\"$2b$10$9ygMQre3pN9b2igt19bQ6edK.JXvpd99fs8YaemR.oODig33u7xMG\",\"Mahadi Dwi Nugraha\"]","query":"INSERT INTO `nodejs_restful_api`.`users` (`username`,`password`,`name`) VALUES (?,?,?)","target":"quaint::connector::metrics","timestamp":"2024-09-16T10:38:22.917Z"}}
{"level":"info","message":{"duration":0,"params":"[\"mahadi\",1,0]","query":"SELECT `nodejs_restful_api`.`users`.`username`, `nodejs_restful_api`.`users`.`name` FROM `nodejs_restful_api`.`users` WHERE `nodejs_restful_api`.`users`.`username` = ? LIMIT ? OFFSET ?","target":"quaint::connector::metrics","timestamp":"2024-09-16T10:38:22.919Z"}}
{"level":"info","message":{"duration":3,"params":"[]","query":"COMMIT","target":"quaint::connector::metrics","timestamp":"2024-09-16T10:38:22.922Z"}}
{"level":"info","message":{"duration":1,"params":"[\"mahadi\"]","query":"DELETE FROM `nodejs_restful_api`.`users` WHERE `nodejs_restful_api`.`users`.`username` = ?","target":"quaint::connector::metrics","timestamp":"2024-09-16T10:38:22.936Z"}}
{"level":"error","message":{"errors":"\"username\" is not allowed to be empty. \"password\" is not allowed to be empty. \"name\" is not allowed to be empty"}}
{"level":"info","message":{"duration":1,"params":"[\"mahadi\"]","query":"DELETE FROM `nodejs_restful_api`.`users` WHERE `nodejs_restful_api`.`users`.`username` = ?","target":"quaint::connector::metrics","timestamp":"2024-09-16T10:38:22.954Z"}}
{"level":"info","message":{"duration":0,"params":"[\"mahadi\"]","query":"SELECT COUNT(*) FROM (SELECT `nodejs_restful_api`.`users`.`username` FROM `nodejs_restful_api`.`users` WHERE `nodejs_restful_api`.`users`.`username` = ?) AS `sub`","target":"quaint::connector::metrics","timestamp":"2024-09-16T10:38:22.963Z"}}
{"level":"info","message":{"duration":0,"params":"[]","query":"BEGIN","target":"quaint::connector::metrics","timestamp":"2024-09-16T10:38:23.028Z"}}
{"level":"info","message":{"duration":0,"params":"[\"mahadi\",\"$2b$10$QiGP5BkXnDkdOwPbHpF9SeCu1uHvYsse6Re58JK5aZeYvKp.vN5Hi\",\"Mahadi Dwi Nugraha\"]","query":"INSERT INTO `nodejs_restful_api`.`users` (`username`,`password`,`name`) VALUES (?,?,?)","target":"quaint::connector::metrics","timestamp":"2024-09-16T10:38:23.029Z"}}
{"level":"info","message":{"duration":0,"params":"[\"mahadi\",1,0]","query":"SELECT `nodejs_restful_api`.`users`.`username`, `nodejs_restful_api`.`users`.`name` FROM `nodejs_restful_api`.`users` WHERE `nodejs_restful_api`.`users`.`username` = ? LIMIT ? OFFSET ?","target":"quaint::connector::metrics","timestamp":"2024-09-16T10:38:23.030Z"}}
{"level":"info","message":{"duration":0,"params":"[]","query":"COMMIT","target":"quaint::connector::metrics","timestamp":"2024-09-16T10:38:23.030Z"}}
{"level":"info","message":{"duration":0,"params":"[\"mahadi\"]","query":"SELECT COUNT(*) FROM (SELECT `nodejs_restful_api`.`users`.`username` FROM `nodejs_restful_api`.`users` WHERE `nodejs_restful_api`.`users`.`username` = ?) AS `sub`","target":"quaint::connector::metrics","timestamp":"2024-09-16T10:38:23.035Z"}}
{"level":"error","message":{"errors":"Username already exists"}}
{"level":"info","message":{"duration":1,"params":"[\"mahadi\"]","query":"DELETE FROM `nodejs_restful_api`.`users` WHERE `nodejs_restful_api`.`users`.`username` = ?","target":"quaint::connector::metrics","timestamp":"2024-09-16T10:38:23.040Z"}}
